[0.607s] Invoking command in '/home/enryu/Desktop/Path-Following-Robot/src/robot_description': PYTHONPATH=/home/enryu/Desktop/Path-Following-Robot/build/robot_description/prefix_override:/usr/lib/python3/dist-packages/colcon_core/task/python/colcon_distutils_commands:/home/enryu/Desktop/Path-Following-Robot/install/robot_description/lib/python3.10/site-packages:${PYTHONPATH} /usr/bin/python3 -W ignore:setup.py install is deprecated -W ignore:easy_install command is deprecated setup.py egg_info --egg-base ../../build/robot_description build --build-base /home/enryu/Desktop/Path-Following-Robot/build/robot_description/build install --record /home/enryu/Desktop/Path-Following-Robot/build/robot_description/install.log --single-version-externally-managed install_data
[0.847s] running egg_info
[0.847s] creating ../../build/robot_description/robot_description.egg-info
[0.847s] writing ../../build/robot_description/robot_description.egg-info/PKG-INFO
[0.848s] writing dependency_links to ../../build/robot_description/robot_description.egg-info/dependency_links.txt
[0.848s] writing entry points to ../../build/robot_description/robot_description.egg-info/entry_points.txt
[0.848s] writing requirements to ../../build/robot_description/robot_description.egg-info/requires.txt
[0.848s] writing top-level names to ../../build/robot_description/robot_description.egg-info/top_level.txt
[0.848s] writing manifest file '../../build/robot_description/robot_description.egg-info/SOURCES.txt'
[0.850s] reading manifest file '../../build/robot_description/robot_description.egg-info/SOURCES.txt'
[0.851s] writing manifest file '../../build/robot_description/robot_description.egg-info/SOURCES.txt'
[0.851s] running build
[0.851s] running build_py
[0.851s] creating /home/enryu/Desktop/Path-Following-Robot/build/robot_description/build
[0.851s] creating /home/enryu/Desktop/Path-Following-Robot/build/robot_description/build/lib
[0.852s] creating /home/enryu/Desktop/Path-Following-Robot/build/robot_description/build/lib/robot_description
[0.852s] copying robot_description/robot_motion_sim.py -> /home/enryu/Desktop/Path-Following-Robot/build/robot_description/build/lib/robot_description
[0.852s] copying robot_description/__init__.py -> /home/enryu/Desktop/Path-Following-Robot/build/robot_description/build/lib/robot_description
[0.852s] copying robot_description/odom_readings.py -> /home/enryu/Desktop/Path-Following-Robot/build/robot_description/build/lib/robot_description
[0.852s] copying robot_description/lidar_distance.py -> /home/enryu/Desktop/Path-Following-Robot/build/robot_description/build/lib/robot_description
[0.852s] copying robot_description/test_laser_publisher.py -> /home/enryu/Desktop/Path-Following-Robot/build/robot_description/build/lib/robot_description
[0.852s] running install
[0.852s] running install_lib
[0.853s] creating /home/enryu/Desktop/Path-Following-Robot/install/robot_description/lib/python3.10/site-packages/robot_description
[0.853s] copying /home/enryu/Desktop/Path-Following-Robot/build/robot_description/build/lib/robot_description/robot_motion_sim.py -> /home/enryu/Desktop/Path-Following-Robot/install/robot_description/lib/python3.10/site-packages/robot_description
[0.853s] copying /home/enryu/Desktop/Path-Following-Robot/build/robot_description/build/lib/robot_description/__init__.py -> /home/enryu/Desktop/Path-Following-Robot/install/robot_description/lib/python3.10/site-packages/robot_description
[0.853s] copying /home/enryu/Desktop/Path-Following-Robot/build/robot_description/build/lib/robot_description/odom_readings.py -> /home/enryu/Desktop/Path-Following-Robot/install/robot_description/lib/python3.10/site-packages/robot_description
[0.853s] copying /home/enryu/Desktop/Path-Following-Robot/build/robot_description/build/lib/robot_description/lidar_distance.py -> /home/enryu/Desktop/Path-Following-Robot/install/robot_description/lib/python3.10/site-packages/robot_description
[0.853s] copying /home/enryu/Desktop/Path-Following-Robot/build/robot_description/build/lib/robot_description/test_laser_publisher.py -> /home/enryu/Desktop/Path-Following-Robot/install/robot_description/lib/python3.10/site-packages/robot_description
[0.854s] byte-compiling /home/enryu/Desktop/Path-Following-Robot/install/robot_description/lib/python3.10/site-packages/robot_description/robot_motion_sim.py to robot_motion_sim.cpython-310.pyc
[0.855s] byte-compiling /home/enryu/Desktop/Path-Following-Robot/install/robot_description/lib/python3.10/site-packages/robot_description/__init__.py to __init__.cpython-310.pyc
[0.855s] byte-compiling /home/enryu/Desktop/Path-Following-Robot/install/robot_description/lib/python3.10/site-packages/robot_description/odom_readings.py to odom_readings.cpython-310.pyc
[0.855s] byte-compiling /home/enryu/Desktop/Path-Following-Robot/install/robot_description/lib/python3.10/site-packages/robot_description/lidar_distance.py to lidar_distance.cpython-310.pyc
[0.855s] byte-compiling /home/enryu/Desktop/Path-Following-Robot/install/robot_description/lib/python3.10/site-packages/robot_description/test_laser_publisher.py to test_laser_publisher.cpython-310.pyc
[0.856s] running install_data
[0.856s] creating /home/enryu/Desktop/Path-Following-Robot/install/robot_description/share/ament_index
[0.856s] creating /home/enryu/Desktop/Path-Following-Robot/install/robot_description/share/ament_index/resource_index
[0.856s] creating /home/enryu/Desktop/Path-Following-Robot/install/robot_description/share/ament_index/resource_index/packages
[0.856s] copying resource/robot_description -> /home/enryu/Desktop/Path-Following-Robot/install/robot_description/share/ament_index/resource_index/packages
[0.856s] copying package.xml -> /home/enryu/Desktop/Path-Following-Robot/install/robot_description/share/robot_description
[0.857s] creating /home/enryu/Desktop/Path-Following-Robot/install/robot_description/share/robot_description/launch
[0.857s] copying launch/spawn_two_robots.launch.py -> /home/enryu/Desktop/Path-Following-Robot/install/robot_description/share/robot_description/launch
[0.857s] copying launch/empty_world.launch.py -> /home/enryu/Desktop/Path-Following-Robot/install/robot_description/share/robot_description/launch
[0.857s] copying launch/spawn.launch.py -> /home/enryu/Desktop/Path-Following-Robot/install/robot_description/share/robot_description/launch
[0.857s] copying launch/rviz2.launch.py -> /home/enryu/Desktop/Path-Following-Robot/install/robot_description/share/robot_description/launch
[0.857s] creating /home/enryu/Desktop/Path-Following-Robot/install/robot_description/share/robot_description/urdf
[0.857s] copying urdf/robot.gazebo -> /home/enryu/Desktop/Path-Following-Robot/install/robot_description/share/robot_description/urdf
[0.857s] copying urdf/robot.xacro -> /home/enryu/Desktop/Path-Following-Robot/install/robot_description/share/robot_description/urdf
[0.858s] copying urdf/robot.urdf -> /home/enryu/Desktop/Path-Following-Robot/install/robot_description/share/robot_description/urdf
[0.858s] creating /home/enryu/Desktop/Path-Following-Robot/install/robot_description/share/robot_description/rviz
[0.858s] copying rviz/config.rviz -> /home/enryu/Desktop/Path-Following-Robot/install/robot_description/share/robot_description/rviz
[0.858s] creating /home/enryu/Desktop/Path-Following-Robot/install/robot_description/share/robot_description/worlds
[0.858s] copying worlds/custom_world.sdf -> /home/enryu/Desktop/Path-Following-Robot/install/robot_description/share/robot_description/worlds
[0.858s] running install_egg_info
[0.859s] Copying ../../build/robot_description/robot_description.egg-info to /home/enryu/Desktop/Path-Following-Robot/install/robot_description/lib/python3.10/site-packages/robot_description-0.0.0-py3.10.egg-info
[0.860s] running install_scripts
[0.877s] Installing display_odom script to /home/enryu/Desktop/Path-Following-Robot/install/robot_description/lib/robot_description
[0.877s] Installing display_scan script to /home/enryu/Desktop/Path-Following-Robot/install/robot_description/lib/robot_description
[0.878s] Installing robot_motion_sim script to /home/enryu/Desktop/Path-Following-Robot/install/robot_description/lib/robot_description
[0.878s] Installing test_laser_publisher script to /home/enryu/Desktop/Path-Following-Robot/install/robot_description/lib/robot_description
[0.878s] writing list of installed files to '/home/enryu/Desktop/Path-Following-Robot/build/robot_description/install.log'
[0.897s] Invoked command in '/home/enryu/Desktop/Path-Following-Robot/src/robot_description' returned '0': PYTHONPATH=/home/enryu/Desktop/Path-Following-Robot/build/robot_description/prefix_override:/usr/lib/python3/dist-packages/colcon_core/task/python/colcon_distutils_commands:/home/enryu/Desktop/Path-Following-Robot/install/robot_description/lib/python3.10/site-packages:${PYTHONPATH} /usr/bin/python3 -W ignore:setup.py install is deprecated -W ignore:easy_install command is deprecated setup.py egg_info --egg-base ../../build/robot_description build --build-base /home/enryu/Desktop/Path-Following-Robot/build/robot_description/build install --record /home/enryu/Desktop/Path-Following-Robot/build/robot_description/install.log --single-version-externally-managed install_data
